[2025-11-11 15:51:40] local.ERROR: syntax error, unexpected token "catch" {"userId":1,"exception":"[object] (ParseError(code: 0): syntax error, unexpected token \"catch\" at C:\\Users\\ASUS\\Downloads\\Backend-php-contable\\app\\Http\\Controllers\\AsientoContableController.php:92)
[stacktrace]
#0 C:\\Users\\ASUS\\Downloads\\Backend-php-contable\\vendor\\composer\\ClassLoader.php(427): Composer\\Autoload\\{closure}('C:\\\\Users\\\\ASUS\\\\D...')
#1 [internal function]: Composer\\Autoload\\ClassLoader->loadClass('App\\\\Http\\\\Contro...')
#2 C:\\Users\\ASUS\\Downloads\\Backend-php-contable\\vendor\\laravel\\framework\\src\\Illuminate\\Routing\\Route.php(1096): is_a('App\\\\Http\\\\Contro...', 'Illuminate\\\\Rout...', true)
#3 C:\\Users\\ASUS\\Downloads\\Backend-php-contable\\vendor\\laravel\\framework\\src\\Illuminate\\Routing\\Route.php(1035): Illuminate\\Routing\\Route->controllerMiddleware()
#4 C:\\Users\\ASUS\\Downloads\\Backend-php-contable\\vendor\\laravel\\framework\\src\\Illuminate\\Routing\\Router.php(818): Illuminate\\Routing\\Route->gatherMiddleware()
#5 C:\\Users\\ASUS\\Downloads\\Backend-php-contable\\vendor\\laravel\\framework\\src\\Illuminate\\Routing\\Router.php(800): Illuminate\\Routing\\Router->gatherRouteMiddleware(Object(Illuminate\\Routing\\Route))
#6 C:\\Users\\ASUS\\Downloads\\Backend-php-contable\\vendor\\laravel\\framework\\src\\Illuminate\\Routing\\Router.php(784): Illuminate\\Routing\\Router->runRouteWithinStack(Object(Illuminate\\Routing\\Route), Object(Illuminate\\Http\\Request))
#7 C:\\Users\\ASUS\\Downloads\\Backend-php-contable\\vendor\\laravel\\framework\\src\\Illuminate\\Routing\\Router.php(748): Illuminate\\Routing\\Router->runRoute(Object(Illuminate\\Http\\Request), Object(Illuminate\\Routing\\Route))
#8 C:\\Users\\ASUS\\Downloads\\Backend-php-contable\\vendor\\laravel\\framework\\src\\Illuminate\\Routing\\Router.php(737): Illuminate\\Routing\\Router->dispatchToRoute(Object(Illuminate\\Http\\Request))
#9 C:\\Users\\ASUS\\Downloads\\Backend-php-contable\\vendor\\laravel\\framework\\src\\Illuminate\\Foundation\\Http\\Kernel.php(200): Illuminate\\Routing\\Router->dispatch(Object(Illuminate\\Http\\Request))
#10 C:\\Users\\ASUS\\Downloads\\Backend-php-contable\\vendor\\laravel\\framework\\src\\Illuminate\\Pipeline\\Pipeline.php(144): Illuminate\\Foundation\\Http\\Kernel->Illuminate\\Foundation\\Http\\{closure}(Object(Illuminate\\Http\\Request))
#11 C:\\Users\\ASUS\\Downloads\\Backend-php-contable\\vendor\\laravel\\framework\\src\\Illuminate\\Foundation\\Http\\Middleware\\TransformsRequest.php(21): Illuminate\\Pipeline\\Pipeline->Illuminate\\Pipeline\\{closure}(Object(Illuminate\\Http\\Request))
#12 C:\\Users\\ASUS\\Downloads\\Backend-php-contable\\vendor\\laravel\\framework\\src\\Illuminate\\Foundation\\Http\\Middleware\\ConvertEmptyStringsToNull.php(31): Illuminate\\Foundation\\Http\\Middleware\\TransformsRequest->handle(Object(Illuminate\\Http\\Request), Object(Closure))
#13 C:\\Users\\ASUS\\Downloads\\Backend-php-contable\\vendor\\laravel\\framework\\src\\Illuminate\\Pipeline\\Pipeline.php(183): Illuminate\\Foundation\\Http\\Middleware\\ConvertEmptyStringsToNull->handle(Object(Illuminate\\Http\\Request), Object(Closure))
#14 C:\\Users\\ASUS\\Downloads\\Backend-php-contable\\vendor\\laravel\\framework\\src\\Illuminate\\Foundation\\Http\\Middleware\\TransformsRequest.php(21): Illuminate\\Pipeline\\Pipeline->Illuminate\\Pipeline\\{closure}(Object(Illuminate\\Http\\Request))
#15 C:\\Users\\ASUS\\Downloads\\Backend-php-contable\\vendor\\laravel\\framework\\src\\Illuminate\\Foundation\\Http\\Middleware\\TrimStrings.php(40): Illuminate\\Foundation\\Http\\Middleware\\TransformsRequest->handle(Object(Illuminate\\Http\\Request), Object(Closure))
#16 C:\\Users\\ASUS\\Downloads\\Backend-php-contable\\vendor\\laravel\\framework\\src\\Illuminate\\Pipeline\\Pipeline.php(183): Illuminate\\Foundation\\Http\\Middleware\\TrimStrings->handle(Object(Illuminate\\Http\\Request), Object(Closure))
#17 C:\\Users\\ASUS\\Downloads\\Backend-php-contable\\vendor\\laravel\\framework\\src\\Illuminate\\Foundation\\Http\\Middleware\\ValidatePostSize.php(27): Illuminate\\Pipeline\\Pipeline->Illuminate\\Pipeline\\{closure}(Object(Illuminate\\Http\\Request))
#18 C:\\Users\\ASUS\\Downloads\\Backend-php-contable\\vendor\\laravel\\framework\\src\\Illuminate\\Pipeline\\Pipeline.php(183): Illuminate\\Foundation\\Http\\Middleware\\ValidatePostSize->handle(Object(Illuminate\\Http\\Request), Object(Closure))
#19 C:\\Users\\ASUS\\Downloads\\Backend-php-contable\\vendor\\laravel\\framework\\src\\Illuminate\\Foundation\\Http\\Middleware\\PreventRequestsDuringMaintenance.php(99): Illuminate\\Pipeline\\Pipeline->Illuminate\\Pipeline\\{closure}(Object(Illuminate\\Http\\Request))
#20 C:\\Users\\ASUS\\Downloads\\Backend-php-contable\\vendor\\laravel\\framework\\src\\Illuminate\\Pipeline\\Pipeline.php(183): Illuminate\\Foundation\\Http\\Middleware\\PreventRequestsDuringMaintenance->handle(Object(Illuminate\\Http\\Request), Object(Closure))
#21 C:\\Users\\ASUS\\Downloads\\Backend-php-contable\\vendor\\laravel\\framework\\src\\Illuminate\\Http\\Middleware\\HandleCors.php(62): Illuminate\\Pipeline\\Pipeline->Illuminate\\Pipeline\\{closure}(Object(Illuminate\\Http\\Request))
#22 C:\\Users\\ASUS\\Downloads\\Backend-php-contable\\vendor\\laravel\\framework\\src\\Illuminate\\Pipeline\\Pipeline.php(183): Illuminate\\Http\\Middleware\\HandleCors->handle(Object(Illuminate\\Http\\Request), Object(Closure))
#23 C:\\Users\\ASUS\\Downloads\\Backend-php-contable\\vendor\\laravel\\framework\\src\\Illuminate\\Http\\Middleware\\TrustProxies.php(39): Illuminate\\Pipeline\\Pipeline->Illuminate\\Pipeline\\{closure}(Object(Illuminate\\Http\\Request))
#24 C:\\Users\\ASUS\\Downloads\\Backend-php-contable\\vendor\\laravel\\framework\\src\\Illuminate\\Pipeline\\Pipeline.php(183): Illuminate\\Http\\Middleware\\TrustProxies->handle(Object(Illuminate\\Http\\Request), Object(Closure))
#25 C:\\Users\\ASUS\\Downloads\\Backend-php-contable\\vendor\\laravel\\framework\\src\\Illuminate\\Pipeline\\Pipeline.php(119): Illuminate\\Pipeline\\Pipeline->Illuminate\\Pipeline\\{closure}(Object(Illuminate\\Http\\Request))
#26 C:\\Users\\ASUS\\Downloads\\Backend-php-contable\\vendor\\laravel\\framework\\src\\Illuminate\\Foundation\\Http\\Kernel.php(175): Illuminate\\Pipeline\\Pipeline->then(Object(Closure))
#27 C:\\Users\\ASUS\\Downloads\\Backend-php-contable\\vendor\\laravel\\framework\\src\\Illuminate\\Foundation\\Http\\Kernel.php(144): Illuminate\\Foundation\\Http\\Kernel->sendRequestThroughRouter(Object(Illuminate\\Http\\Request))
#28 C:\\Users\\ASUS\\Downloads\\Backend-php-contable\\public\\index.php(36): Illuminate\\Foundation\\Http\\Kernel->handle(Object(Illuminate\\Http\\Request))
#29 C:\\Users\\ASUS\\Downloads\\Backend-php-contable\\vendor\\laravel\\framework\\src\\Illuminate\\Foundation\\resources\\server.php(16): require_once('C:\\\\Users\\\\ASUS\\\\D...')
#30 {main}
"} 
[2025-11-11 16:30:12] local.INFO: 🟢 Iniciando registro de venta {"data":{"cliente_id":2,"numero_factura":"FAC-1762878611516","fecha_venta":"2025-11-11","subtotal":83000000,"iva":15770000,"total":98770000,"estado_dian":"Pendiente","detalles":[{"vehiculo_id":19,"cantidad":1,"precio_unitario":"83000000.00","subtotal":83000000}]}} 
[2025-11-11 16:30:13] local.INFO: ✅ Venta creada correctamente {"venta_id":32} 
[2025-11-11 16:30:13] local.INFO: 🔢 CUFE generado y guardado {"cufe":"5d9b78ef9c7dd8146648659da09d2c8733c02ea75668567512fa10ed3fb26bb205eedbb17cd09e93d9f5b1b8603e8a97"} 
[2025-11-11 16:30:13] local.WARNING: ⚠️ Asiento contable NO generado automáticamente. Deberá crearse manualmente desde el módulo contable. {"venta_id":32,"numero_factura":"FAC-1762878611516"} 
[2025-11-11 17:29:12] local.INFO: 🟢 Iniciando registro de venta {"data":{"cliente_id":3,"numero_factura":"FAC-1762882149560","fecha_venta":"2025-11-11","subtotal":75000000,"iva":14250000,"total":89250000,"estado_dian":"Pendiente","detalles":[{"vehiculo_id":1,"cantidad":1,"precio_unitario":"75000000.00","subtotal":75000000}]}} 
[2025-11-11 17:29:14] local.INFO: ✅ Venta creada correctamente {"venta_id":33} 
[2025-11-11 17:29:14] local.INFO: 🔢 CUFE generado y guardado {"cufe":"847880a2382b729877339397c7de665f2236a4e44f8931e222da1aad00831f356746b44d91e6b648ed214dfdd38614d5"} 
[2025-11-11 17:29:14] local.WARNING: ⚠️ Asiento contable NO generado automáticamente. Deberá crearse manualmente desde el módulo contable. {"venta_id":33,"numero_factura":"FAC-1762882149560"} 
